<?xml version="1.0" encoding="UTF-8"?>
<!-- Generated by org.testng.reporters.JUnitReportReporter -->
<testsuite skipped="0" hostname="Dell" name="com.demo.tests.Exercise2WebAutomationTest" tests="1" failures="0" timestamp="09 Oct 2020 07:42:27 GMT" time="18.074" errors="0">
  <testcase name="exercise2WebAutomationTest" time="18.074" classname="com.demo.tests.Exercise2WebAutomationTest"/>
</testsuite> <!-- com.demo.tests.Exercise2WebAutomationTest -->
