<?xml version="1.0" encoding="UTF-8"?>
<!-- Generated by org.testng.reporters.JUnitReportReporter -->
<testsuite skipped="0" hostname="Dell" name="com.demo.tests.DemoPetAPITest" tests="2" failures="0" timestamp="08 Oct 2020 18:09:10 GMT" time="8.546" errors="0">
  <testcase name="getPetStatusByAvailbleTest" time="3.632" classname="com.demo.tests.DemoPetAPITest"/>
  <testcase name="postNewAvailablePetToStoreTest" time="4.914" classname="com.demo.tests.DemoPetAPITest"/>
</testsuite> <!-- com.demo.tests.DemoPetAPITest -->
