<?xml version="1.0" encoding="UTF-8"?>
<!-- Generated by org.testng.reporters.JUnitReportReporter -->
<testsuite skipped="0" hostname="Dell" name="com.demo.tests.Exercise1RestAPIAutomationTest" tests="2" failures="0" timestamp="09 Oct 2020 07:42:27 GMT" time="10.340" errors="0">
  <testcase name="postNewAvailablePetToStoreTest" time="5.227" classname="com.demo.tests.Exercise1RestAPIAutomationTest"/>
  <testcase name="getPetStatusByAvailbleTest" time="5.113" classname="com.demo.tests.Exercise1RestAPIAutomationTest"/>
</testsuite> <!-- com.demo.tests.Exercise1RestAPIAutomationTest -->
